
DATA PREPROCESSING...
PREPROCESSING DONE!
TRAINING...
  0%|          | 0/14 [00:00<?, ?it/s]  7%|▋         | 1/14 [02:22<30:58, 142.98s/it] 14%|█▍        | 2/14 [04:46<28:43, 143.58s/it] 21%|██▏       | 3/14 [07:10<26:19, 143.63s/it] 29%|██▊       | 4/14 [09:34<23:55, 143.53s/it] 36%|███▌      | 5/14 [11:54<21:21, 142.36s/it] 43%|████▎     | 6/14 [14:11<18:45, 140.69s/it] 50%|█████     | 7/14 [16:28<16:15, 139.42s/it] 57%|█████▋    | 8/14 [18:50<14:00, 140.08s/it] 64%|██████▍   | 9/14 [21:11<11:41, 140.38s/it] 71%|███████▏  | 10/14 [23:30<09:20, 140.04s/it] 79%|███████▊  | 11/14 [25:48<06:58, 139.55s/it] 86%|████████▌ | 12/14 [28:07<04:38, 139.23s/it] 93%|█████████▎| 13/14 [30:25<02:19, 139.01s/it]100%|██████████| 14/14 [32:44<00:00, 139.05s/it]100%|██████████| 14/14 [32:44<00:00, 140.35s/it]
EPOCH(0)  TRAIN LOSS: 9.883  VALID AUC: 0.768    VALID ACC: 0.797
EPOCH(1)  TRAIN LOSS: 6.373  VALID AUC: 0.790    VALID ACC: 0.801
EPOCH(2)  TRAIN LOSS: 8.909  VALID AUC: 0.804    VALID ACC: 0.805
EPOCH(3)  TRAIN LOSS: 5.566  VALID AUC: 0.813    VALID ACC: 0.807
EPOCH(4)  TRAIN LOSS: 6.033  VALID AUC: 0.821    VALID ACC: 0.809
EPOCH(5)  TRAIN LOSS: 5.546  VALID AUC: 0.829    VALID ACC: 0.810
EPOCH(6)  TRAIN LOSS: 4.820  VALID AUC: 0.835    VALID ACC: 0.812
EPOCH(7)  TRAIN LOSS: 6.011  VALID AUC: 0.840    VALID ACC: 0.813
EPOCH(8)  TRAIN LOSS: 2.965  VALID AUC: 0.845    VALID ACC: 0.817
EPOCH(9)  TRAIN LOSS: 2.539  VALID AUC: 0.849    VALID ACC: 0.817
EPOCH(10)  TRAIN LOSS: 4.615  VALID AUC: 0.853    VALID ACC: 0.819
EPOCH(11)  TRAIN LOSS: 1.822  VALID AUC: 0.855    VALID ACC: 0.820
EPOCH(12)  TRAIN LOSS: 1.281  VALID AUC: 0.856    VALID ACC: 0.821
EPOCH(13)  TRAIN LOSS: 0.747  VALID AUC: 0.858    VALID ACC: 0.823
TRAINING DONE!
make inference data...
[2300, 4600, 6900, 9200, 11500, 13800, 16100, 18400, 20700, 23000, 25300, 27600]
  0%|          | 0/541 [00:00<?, ?it/s] 38%|███▊      | 203/541 [00:00<00:00, 2025.12it/s] 75%|███████▌  | 406/541 [00:00<00:00, 1606.23it/s]100%|██████████| 541/541 [00:00<00:00, 1626.81it/s]
merge start
merge done
0.08% done
torch.Size([3557480])
